Autotimer: using Scalability SLOCs blocks
=======================================================================
Testing submission: aap13.tar
NetId: aap13, Name: aap13
	Date From Files: 2023-09-10

--- building executable ---
rm -f *.class
javac Main.java
javac Token.java
javac Parser.java
--- built front end and should be ready to run ---


Testing Scalability:
	(Each elapsed time is the minimum of five runs.)

	T1k.i:  	1.2384 seconds
	T2k.i:  	1.4357 seconds
	T4k.i:  	1.4055 seconds
	T8k.i:  	1.7549 seconds
	T16k.i:  	1.6223 seconds
	T32k.i:  	1.5400 seconds
	T64k.i:  	1.7239 seconds
	T128k.i:  	2.0379 seconds
 
Scaling score is 0
Efficiency score is 71.20739999999999	( java )

	Anomalous behavior: 3 inputs showed no growth

finished timing run on submission aap13.tar
=======================================================================

Timing run complete.

