Autotimer: using Scalability SLOCs blocks
=======================================================================
Testing submission: aap13.tar
NetId: aap13, Name: aap13
	Date From Files: 2023-09-09

--- building executable ---
rm -f *.class
javac Main.java
javac Token.java
javac Parser.java
--- built front end and should be ready to run ---


Testing Scalability:
	(Each elapsed time is the minimum of five runs.)

	T1k.i:  	0.7631 seconds
	T2k.i:  	1.0772 seconds
	T4k.i:  	1.0902 seconds
	T8k.i:  	0.8436 seconds
	T16k.i:  	0.8618 seconds
	T32k.i:  	0.9099 seconds
	T64k.i:  	1.3729 seconds
	T128k.i:  	1.2063 seconds
 
Scaling score is 0
Efficiency score is 100	( java )

	Anomalous behavior: 2 inputs showed no growth

finished timing run on submission aap13.tar
=======================================================================

Timing run complete.

