Autotimer: using Scalability SLOCs blocks
=======================================================================
Testing submission: aap13.tar
NetId: aap13, Name: aap13
	Date From Files: 2023-09-10

--- building executable ---
rm -f *.class
javac Main.java
javac Token.java
javac Parser.java
--- built front end and should be ready to run ---


Testing Scalability:
	(Each elapsed time is the minimum of five runs.)

	T1k.i:  	1.8698 seconds
	T2k.i:  	1.4303 seconds
	T4k.i:  	1.4747 seconds
	T8k.i:  	1.6072 seconds
	T16k.i:  	1.6680 seconds
	T32k.i:  	1.9117 seconds
	T64k.i:  	2.2524 seconds
	T128k.i:  	2.3898 seconds
 
Scaling score is 100
Efficiency score is 36.01770000000002	( java )

	Anomalous behavior: 1 inputs showed no growth

finished timing run on submission aap13.tar
=======================================================================

Timing run complete.

