Autotimer: using Scalability SLOCs blocks
=======================================================================
Testing submission: aap13.tar
NetId: aap13, Name: aap13
	Date From Files: 2023-09-10

--- building executable ---
rm -f *.class
javac Main.java
javac Token.java
javac Parser.java
--- built front end and should be ready to run ---


Testing Scalability:
	(Each elapsed time is the minimum of five runs.)

	T1k.i:  	0.9975 seconds
	T2k.i:  	1.2379 seconds
	T4k.i:  	1.4319 seconds
	T8k.i:  	1.8403 seconds
	T16k.i:  	1.6324 seconds
	T32k.i:  	1.8868 seconds
	T64k.i:  	1.9399 seconds
	T128k.i:  	2.3186 seconds
 
Scaling score is 100
Efficiency score is 43.1352	( java )

	Anomalous behavior: 1 inputs showed no growth

finished timing run on submission aap13.tar
=======================================================================

Timing run complete.

